0 info it worked if it ends with ok
1 verbose cli [ '/usr/local/bin/node', '/usr/local/bin/npm', 'publish', '-f' ]
2 info using npm@2.14.3
3 info using node@v4.1.0
4 warn using --force I sure hope you know what you are doing.
5 verbose publish [ '.' ]
6 silly cache add args [ '.', null ]
7 verbose cache add spec .
8 silly cache add parsed spec Result {
8 silly cache add   raw: '.',
8 silly cache add   scope: null,
8 silly cache add   name: null,
8 silly cache add   rawSpec: '.',
8 silly cache add   spec: '/Users/aaron/Development/compiless',
8 silly cache add   type: 'directory' }
9 verbose addLocalDirectory /Users/aaron/.npm/compiless/1.0.0/package.tgz not in flight; packing
10 verbose tar pack [ '/Users/aaron/.npm/compiless/1.0.0/package.tgz',
10 verbose tar pack   '/Users/aaron/Development/compiless' ]
11 verbose tarball /Users/aaron/.npm/compiless/1.0.0/package.tgz
12 verbose folder /Users/aaron/Development/compiless
13 info prepublish compiless@1.0.0
14 verbose addLocalTarball adding from inside cache /Users/aaron/.npm/compiless/1.0.0/package.tgz
15 silly cache afterAdd compiless@1.0.0
16 verbose afterAdd /Users/aaron/.npm/compiless/1.0.0/package/package.json not in flight; writing
17 verbose afterAdd /Users/aaron/.npm/compiless/1.0.0/package/package.json written
18 silly publish { name: 'compiless',
18 silly publish   version: '1.0.0',
18 silly publish   description: 'Compile LESS files throughout a directory tree',
18 silly publish   main: 'index.js',
18 silly publish   scripts: { test: 'mocha && ./node_modules/.bin/eslint ./lib/' },
18 silly publish   repository:
18 silly publish    { type: 'git',
18 silly publish      url: 'git+https://github.com/ExPHAT/compiless.git' },
18 silly publish   keywords: [ 'less', 'compile', 'css' ],
18 silly publish   author:
18 silly publish    { name: 'Aaron Taylor',
18 silly publish      email: 'me@exphat.com',
18 silly publish      url: 'http://exphat.com' },
18 silly publish   license: 'MIT',
18 silly publish   bugs: { url: 'https://github.com/ExPHAT/compiless/issues' },
18 silly publish   homepage: 'https://github.com/ExPHAT/compiless#readme',
18 silly publish   devDependencies:
18 silly publish    { eslint: '^1.6.0',
18 silly publish      'expect.js': '^0.3.1',
18 silly publish      mocha: '^2.3.3',
18 silly publish      remove: '^0.1.5' },
18 silly publish   dependencies: { less: '^2.5.3' },
18 silly publish   readme: 'compiLESS\n=========\n[![Build Status](https://magnum.travis-ci.com/ExPHAT/compiless.svg?token=pkSoYQq6oTsthGL4pZ6z)](https://magnum.travis-ci.com/ExPHAT/compiless)\n[![NPM version](https://badge.fury.io/js/compiless.svg)](https://npmjs.org/package/compiless)\n\nCompiles LESS files throughout a directory tree and exports them to a specific directory.\n\n\nUsage\n-----\nInstall the package\n```shell\n$ npm install compiless\n```\n\nThen in some file that is called upon app start (should only be called once):\n```js\nrequire("compiless")(__dirname, {\n  "./src/less": "./public/css"\n});\n```\n\nThis will take any LESS files from the `src/less` directory, compile them, and export them to the `public/css` directory. So that they can be statically served.\n\n\nImportant notes\n---------------\n* Found directories will be recursively searched.\n* If a directory does not exist, it will be created.\n* Previous files at a path **WILL** be overwritten\n\n\nRunning tests\n-------------\nClone this repo\n```shell\n$ git clone https://github.com/ExPHAT/compiless.git\n```\n\nInstall all of the dependencies\n```shell\n$ npm install\n```\n\nRun the tests\n```shell\n$ npm test\n```\n',
18 silly publish   readmeFilename: 'README.md',
18 silly publish   gitHead: '5740fddd5363e2fc869218c5d7f18215931fa75f',
18 silly publish   _id: 'compiless@1.0.0',
18 silly publish   _shasum: '566104aff7449881a5caa1134bc4e04cc889a964',
18 silly publish   _from: '.' }
19 verbose getPublishConfig undefined
20 silly mapToRegistry name compiless
21 silly mapToRegistry using default registry
22 silly mapToRegistry registry https://registry.npmjs.org/
23 silly mapToRegistry uri https://registry.npmjs.org/compiless
24 verbose publish registryBase https://registry.npmjs.org/
25 silly publish uploading /Users/aaron/.npm/compiless/1.0.0/package.tgz
26 verbose request uri https://registry.npmjs.org/compiless
27 verbose request sending authorization for write operation
28 info attempt registry request try #1 at 11:54:33 AM
29 verbose request using bearer token for auth
30 verbose request id 28e3f23d6bb6540e
31 http request PUT https://registry.npmjs.org/compiless
32 http 403 https://registry.npmjs.org/compiless
33 verbose headers { 'content-type': 'application/json',
33 verbose headers   'cache-control': 'max-age=60',
33 verbose headers   'content-length': '95',
33 verbose headers   'accept-ranges': 'bytes',
33 verbose headers   date: 'Sat, 03 Oct 2015 15:54:34 GMT',
33 verbose headers   via: '1.1 varnish',
33 verbose headers   connection: 'keep-alive',
33 verbose headers   'x-served-by': 'cache-iad2145-IAD',
33 verbose headers   'x-cache': 'MISS',
33 verbose headers   'x-cache-hits': '0',
33 verbose headers   'x-timer': 'S1443887673.832137,VS0,VE625' }
34 verbose request invalidating /Users/aaron/.npm/registry.npmjs.org/compiless on PUT
35 error publish Failed PUT 403
36 verbose stack Error: "You cannot publish over the previously published version 1.0.0." : compiless
36 verbose stack     at makeError (/usr/local/lib/node_modules/npm/node_modules/npm-registry-client/lib/request.js:263:12)
36 verbose stack     at CachingRegistryClient.<anonymous> (/usr/local/lib/node_modules/npm/node_modules/npm-registry-client/lib/request.js:251:14)
36 verbose stack     at Request._callback (/usr/local/lib/node_modules/npm/node_modules/npm-registry-client/lib/request.js:171:14)
36 verbose stack     at Request.self.callback (/usr/local/lib/node_modules/npm/node_modules/request/request.js:198:22)
36 verbose stack     at emitTwo (events.js:87:13)
36 verbose stack     at Request.emit (events.js:172:7)
36 verbose stack     at Request.<anonymous> (/usr/local/lib/node_modules/npm/node_modules/request/request.js:1073:14)
36 verbose stack     at emitOne (events.js:82:20)
36 verbose stack     at Request.emit (events.js:169:7)
36 verbose stack     at IncomingMessage.<anonymous> (/usr/local/lib/node_modules/npm/node_modules/request/request.js:1019:12)
37 verbose statusCode 403
38 verbose pkgid compiless
39 verbose cwd /Users/aaron/Development/compiless
40 error Darwin 14.3.0
41 error argv "/usr/local/bin/node" "/usr/local/bin/npm" "publish" "-f"
42 error node v4.1.0
43 error npm  v2.14.3
44 error code E403
45 error "You cannot publish over the previously published version 1.0.0." : compiless
46 error If you need help, you may report this error at:
46 error     <https://github.com/npm/npm/issues>
47 verbose exit [ 1, true ]
